I0825 20:41:11.477774  4597 caffe.cpp:211] Use CPU.
I0825 20:41:11.481529  4597 solver.cpp:44] Initializing solver from parameters: 
test_iter: 100
test_interval: 500
base_lr: 0.01
display: 100
max_iter: 10000
lr_policy: "inv"
gamma: 0.0001
power: 0.75
momentum: 0.9
weight_decay: 0.0005
snapshot: 5000
snapshot_prefix: "examples/mnist/lenet"
net: "examples/mnist/lenet_train_test.prototxt"
train_state {
  level: 0
  stage: ""
}
I0825 20:41:11.483273  4597 solver.cpp:87] Creating training net from net file: examples/mnist/lenet_train_test.prototxt
I0825 20:41:11.483984  4597 net.cpp:294] The NetState phase (0) differed from the phase (1) specified by a rule in layer mnist
I0825 20:41:11.484977  4597 net.cpp:294] The NetState phase (0) differed from the phase (1) specified by a rule in layer accuracy
I0825 20:41:11.485358  4597 net.cpp:51] Initializing net from parameters: 
name: "LeNet"
state {
  phase: TRAIN
  level: 0
  stage: ""
}
layer {
  name: "mnist"
  type: "Data"
  top: "data"
  top: "label"
  include {
    phase: TRAIN
  }
  transform_param {
    scale: 0.00390625
  }
  data_param {
    source: "examples/mnist/mnist_train_lmdb"
    batch_size: 64
    backend: LMDB
  }
}
layer {
  name: "conv1"
  type: "Convolution"
  bottom: "data"
  top: "conv1"
  param {
    lr_mult: 1
  }
  param {
    lr_mult: 2
  }
  convolution_param {
    num_output: 20
    kernel_size: 5
    stride: 1
    weight_filler {
      type: "xavier"
    }
    bias_filler {
      type: "constant"
    }
  }
}
layer {
  name: "pool1"
  type: "Pooling"
  bottom: "conv1"
  top: "pool1"
  pooling_param {
    pool: MAX
    kernel_size: 2
    stride: 2
  }
}
layer {
  name: "conv2"
  type: "Convolution"
  bottom: "pool1"
  top: "conv2"
  param {
    lr_mult: 1
  }
  param {
    lr_mult: 2
  }
  convolution_param {
    num_output: 50
    kernel_size: 5
    stride: 1
    weight_filler {
      type: "xavier"
    }
    bias_filler {
      type: "constant"
    }
  }
}
layer {
  name: "pool2"
  type: "Pooling"
  bottom: "conv2"
  top: "pool2"
  pooling_param {
    pool: MAX
    kernel_size: 2
    stride: 2
  }
}
layer {
  name: "ip1"
  type: "InnerProduct"
  bottom: "pool2"
  top: "ip1"
  param {
    lr_mult: 1
  }
  param {
    lr_mult: 2
  }
  inner_product_param {
    num_output: 500
    weight_filler {
      type: "xavier"
    }
    bias_filler {
      type: "constant"
    }
  }
}
layer {
  name: "relu1"
  type: "ReLU"
  bottom: "ip1"
  top: "ip1"
}
layer {
  name: "ip2"
  type: "InnerProduct"
  bottom: "ip1"
  top: "ip2"
  param {
    lr_mult: 1
  }
  param {
    lr_mult: 2
  }
  inner_product_param {
    num_output: 10
    weight_filler {
      type: "xavier"
    }
    bias_filler {
      type: "constant"
    }
  }
}
layer {
  name: "loss"
  type: "SoftmaxWithLoss"
  bottom: "ip2"
  bottom: "label"
  top: "loss"
}
I0825 20:41:11.494534  4597 layer_factory.hpp:77] Creating layer mnist
I0825 20:41:11.494652  4597 db_lmdb.cpp:35] Opened lmdb examples/mnist/mnist_train_lmdb
I0825 20:41:11.494715  4597 net.cpp:84] Creating Layer mnist
I0825 20:41:11.494851  4597 net.cpp:380] mnist -> data
I0825 20:41:11.494881  4597 net.cpp:380] mnist -> label
I0825 20:41:11.494920  4597 data_layer.cpp:45] output data size: 64,1,28,28
I0825 20:41:11.495435  4597 net.cpp:122] Setting up mnist
I0825 20:41:11.496235  4597 net.cpp:129] Top shape: 64 1 28 28 (50176)
I0825 20:41:11.496417  4597 net.cpp:129] Top shape: 64 (64)
I0825 20:41:11.496502  4597 net.cpp:137] Memory required for data: 200960
I0825 20:41:11.496718  4597 layer_factory.hpp:77] Creating layer conv1
I0825 20:41:11.496819  4597 net.cpp:84] Creating Layer conv1
I0825 20:41:11.496971  4597 net.cpp:406] conv1 <- data
I0825 20:41:11.497063  4597 net.cpp:380] conv1 -> conv1
I0825 20:41:11.497267  4597 net.cpp:122] Setting up conv1
I0825 20:41:11.497450  4597 net.cpp:129] Top shape: 64 20 24 24 (737280)
I0825 20:41:11.497539  4597 net.cpp:137] Memory required for data: 3150080
I0825 20:41:11.497663  4597 layer_factory.hpp:77] Creating layer pool1
I0825 20:41:11.497906  4597 net.cpp:84] Creating Layer pool1
I0825 20:41:11.497992  4597 net.cpp:406] pool1 <- conv1
I0825 20:41:11.498082  4597 net.cpp:380] pool1 -> pool1
I0825 20:41:11.498352  4597 net.cpp:122] Setting up pool1
I0825 20:41:11.498898  4597 net.cpp:129] Top shape: 64 20 12 12 (184320)
I0825 20:41:11.499151  4597 net.cpp:137] Memory required for data: 3887360
I0825 20:41:11.499253  4597 layer_factory.hpp:77] Creating layer conv2
I0825 20:41:11.499285  4597 net.cpp:84] Creating Layer conv2
I0825 20:41:11.499384  4597 net.cpp:406] conv2 <- pool1
I0825 20:41:11.499406  4597 net.cpp:380] conv2 -> conv2
I0825 20:41:11.499744  4597 net.cpp:122] Setting up conv2
I0825 20:41:11.499928  4597 net.cpp:129] Top shape: 64 50 8 8 (204800)
I0825 20:41:11.500028  4597 net.cpp:137] Memory required for data: 4706560
I0825 20:41:11.500136  4597 layer_factory.hpp:77] Creating layer pool2
I0825 20:41:11.502810  4597 net.cpp:84] Creating Layer pool2
I0825 20:41:11.502908  4597 net.cpp:406] pool2 <- conv2
I0825 20:41:11.502997  4597 net.cpp:380] pool2 -> pool2
I0825 20:41:11.503092  4597 net.cpp:122] Setting up pool2
I0825 20:41:11.503180  4597 net.cpp:129] Top shape: 64 50 4 4 (51200)
I0825 20:41:11.503267  4597 net.cpp:137] Memory required for data: 4911360
I0825 20:41:11.503355  4597 layer_factory.hpp:77] Creating layer ip1
I0825 20:41:11.503443  4597 net.cpp:84] Creating Layer ip1
I0825 20:41:11.503500  4597 net.cpp:406] ip1 <- pool2
I0825 20:41:11.503561  4597 net.cpp:380] ip1 -> ip1
I0825 20:41:11.514178  4597 net.cpp:122] Setting up ip1
I0825 20:41:11.518878  4597 net.cpp:129] Top shape: 64 500 (32000)
I0825 20:41:11.519013  4597 net.cpp:137] Memory required for data: 5039360
I0825 20:41:11.519124  4597 layer_factory.hpp:77] Creating layer relu1
I0825 20:41:11.519246  4597 net.cpp:84] Creating Layer relu1
I0825 20:41:11.519345  4597 net.cpp:406] relu1 <- ip1
I0825 20:41:11.519441  4597 net.cpp:367] relu1 -> ip1 (in-place)
I0825 20:41:11.519565  4597 net.cpp:122] Setting up relu1
I0825 20:41:11.519665  4597 net.cpp:129] Top shape: 64 500 (32000)
I0825 20:41:11.519759  4597 net.cpp:137] Memory required for data: 5167360
I0825 20:41:11.519858  4597 layer_factory.hpp:77] Creating layer ip2
I0825 20:41:11.519990  4597 net.cpp:84] Creating Layer ip2
I0825 20:41:11.520083  4597 net.cpp:406] ip2 <- ip1
I0825 20:41:11.520211  4597 net.cpp:380] ip2 -> ip2
I0825 20:41:11.520364  4597 net.cpp:122] Setting up ip2
I0825 20:41:11.520463  4597 net.cpp:129] Top shape: 64 10 (640)
I0825 20:41:11.520557  4597 net.cpp:137] Memory required for data: 5169920
I0825 20:41:11.526316  4597 layer_factory.hpp:77] Creating layer loss
I0825 20:41:11.526448  4597 net.cpp:84] Creating Layer loss
I0825 20:41:11.526512  4597 net.cpp:406] loss <- ip2
I0825 20:41:11.526572  4597 net.cpp:406] loss <- label
I0825 20:41:11.526743  4597 net.cpp:380] loss -> loss
I0825 20:41:11.526839  4597 layer_factory.hpp:77] Creating layer loss
I0825 20:41:11.526940  4597 net.cpp:122] Setting up loss
I0825 20:41:11.527024  4597 net.cpp:129] Top shape: (1)
I0825 20:41:11.527127  4597 net.cpp:132]     with loss weight 1
I0825 20:41:11.527222  4597 net.cpp:137] Memory required for data: 5169924
I0825 20:41:11.527308  4597 net.cpp:198] loss needs backward computation.
I0825 20:41:11.527397  4597 net.cpp:198] ip2 needs backward computation.
I0825 20:41:11.527482  4597 net.cpp:198] relu1 needs backward computation.
I0825 20:41:11.527566  4597 net.cpp:198] ip1 needs backward computation.
I0825 20:41:11.527652  4597 net.cpp:198] pool2 needs backward computation.
I0825 20:41:11.527735  4597 net.cpp:198] conv2 needs backward computation.
I0825 20:41:11.527819  4597 net.cpp:198] pool1 needs backward computation.
I0825 20:41:11.527904  4597 net.cpp:198] conv1 needs backward computation.
I0825 20:41:11.527989  4597 net.cpp:200] mnist does not need backward computation.
I0825 20:41:11.528112  4597 net.cpp:242] This network produces output loss
I0825 20:41:11.528206  4597 net.cpp:255] Network initialization done.
I0825 20:41:11.528440  4597 solver.cpp:172] Creating test net (#0) specified by net file: examples/mnist/lenet_train_test.prototxt
I0825 20:41:11.528599  4597 net.cpp:294] The NetState phase (1) differed from the phase (0) specified by a rule in layer mnist
I0825 20:41:11.528805  4597 net.cpp:51] Initializing net from parameters: 
name: "LeNet"
state {
  phase: TEST
}
layer {
  name: "mnist"
  type: "Data"
  top: "data"
  top: "label"
  include {
    phase: TEST
  }
  transform_param {
    scale: 0.00390625
  }
  data_param {
    source: "examples/mnist/mnist_test_lmdb"
    batch_size: 100
    backend: LMDB
  }
}
layer {
  name: "conv1"
  type: "Convolution"
  bottom: "data"
  top: "conv1"
  param {
    lr_mult: 1
  }
  param {
    lr_mult: 2
  }
  convolution_param {
    num_output: 20
    kernel_size: 5
    stride: 1
    weight_filler {
      type: "xavier"
    }
    bias_filler {
      type: "constant"
    }
  }
}
layer {
  name: "pool1"
  type: "Pooling"
  bottom: "conv1"
  top: "pool1"
  pooling_param {
    pool: MAX
    kernel_size: 2
    stride: 2
  }
}
layer {
  name: "conv2"
  type: "Convolution"
  bottom: "pool1"
  top: "conv2"
  param {
    lr_mult: 1
  }
  param {
    lr_mult: 2
  }
  convolution_param {
    num_output: 50
    kernel_size: 5
    stride: 1
    weight_filler {
      type: "xavier"
    }
    bias_filler {
      type: "constant"
    }
  }
}
layer {
  name: "pool2"
  type: "Pooling"
  bottom: "conv2"
  top: "pool2"
  pooling_param {
    pool: MAX
    kernel_size: 2
    stride: 2
  }
}
layer {
  name: "ip1"
  type: "InnerProduct"
  bottom: "pool2"
  top: "ip1"
  param {
    lr_mult: 1
  }
  param {
    lr_mult: 2
  }
  inner_product_param {
    num_output: 500
    weight_filler {
      type: "xavier"
    }
    bias_filler {
      type: "constant"
    }
  }
}
layer {
  name: "relu1"
  type: "ReLU"
  bottom: "ip1"
  top: "ip1"
}
layer {
  name: "ip2"
  type: "InnerProduct"
  bottom: "ip1"
  top: "ip2"
  param {
    lr_mult: 1
  }
  param {
    lr_mult: 2
  }
  inner_product_param {
    num_output: 10
    weight_filler {
      type: "xavier"
    }
    bias_filler {
      type: "constant"
    }
  }
}
layer {
  name: "accuracy"
  type: "Accuracy"
  bottom: "ip2"
  bottom: "label"
  top: "accuracy"
  include {
    phase: TEST
  }
}
layer {
  name: "loss"
  type: "SoftmaxWithLoss"
  bottom: "ip2"
  bottom: "label"
  top: "loss"
}
I0825 20:41:11.532393  4597 layer_factory.hpp:77] Creating layer mnist
I0825 20:41:11.532732  4597 db_lmdb.cpp:35] Opened lmdb examples/mnist/mnist_test_lmdb
I0825 20:41:11.532757  4597 net.cpp:84] Creating Layer mnist
I0825 20:41:11.532771  4597 net.cpp:380] mnist -> data
I0825 20:41:11.532788  4597 net.cpp:380] mnist -> label
I0825 20:41:11.532809  4597 data_layer.cpp:45] output data size: 100,1,28,28
I0825 20:41:11.532856  4597 net.cpp:122] Setting up mnist
I0825 20:41:11.532871  4597 net.cpp:129] Top shape: 100 1 28 28 (78400)
I0825 20:41:11.532883  4597 net.cpp:129] Top shape: 100 (100)
I0825 20:41:11.532893  4597 net.cpp:137] Memory required for data: 314000
I0825 20:41:11.533170  4597 layer_factory.hpp:77] Creating layer label_mnist_1_split
I0825 20:41:11.533188  4597 net.cpp:84] Creating Layer label_mnist_1_split
I0825 20:41:11.533198  4597 net.cpp:406] label_mnist_1_split <- label
I0825 20:41:11.533212  4597 net.cpp:380] label_mnist_1_split -> label_mnist_1_split_0
I0825 20:41:11.533226  4597 net.cpp:380] label_mnist_1_split -> label_mnist_1_split_1
I0825 20:41:11.533241  4597 net.cpp:122] Setting up label_mnist_1_split
I0825 20:41:11.533253  4597 net.cpp:129] Top shape: 100 (100)
I0825 20:41:11.533263  4597 net.cpp:129] Top shape: 100 (100)
I0825 20:41:11.533272  4597 net.cpp:137] Memory required for data: 314800
I0825 20:41:11.533282  4597 layer_factory.hpp:77] Creating layer conv1
I0825 20:41:11.533298  4597 net.cpp:84] Creating Layer conv1
I0825 20:41:11.533308  4597 net.cpp:406] conv1 <- data
I0825 20:41:11.533319  4597 net.cpp:380] conv1 -> conv1
I0825 20:41:11.533352  4597 net.cpp:122] Setting up conv1
I0825 20:41:11.533365  4597 net.cpp:129] Top shape: 100 20 24 24 (1152000)
I0825 20:41:11.533375  4597 net.cpp:137] Memory required for data: 4922800
I0825 20:41:11.533390  4597 layer_factory.hpp:77] Creating layer pool1
I0825 20:41:11.533406  4597 net.cpp:84] Creating Layer pool1
I0825 20:41:11.533421  4597 net.cpp:406] pool1 <- conv1
I0825 20:41:11.533812  4597 net.cpp:380] pool1 -> pool1
I0825 20:41:11.533830  4597 net.cpp:122] Setting up pool1
I0825 20:41:11.533843  4597 net.cpp:129] Top shape: 100 20 12 12 (288000)
I0825 20:41:11.533852  4597 net.cpp:137] Memory required for data: 6074800
I0825 20:41:11.533862  4597 layer_factory.hpp:77] Creating layer conv2
I0825 20:41:11.533876  4597 net.cpp:84] Creating Layer conv2
I0825 20:41:11.533886  4597 net.cpp:406] conv2 <- pool1
I0825 20:41:11.533900  4597 net.cpp:380] conv2 -> conv2
I0825 20:41:11.534118  4597 net.cpp:122] Setting up conv2
I0825 20:41:11.534137  4597 net.cpp:129] Top shape: 100 50 8 8 (320000)
I0825 20:41:11.534145  4597 net.cpp:137] Memory required for data: 7354800
I0825 20:41:11.534160  4597 layer_factory.hpp:77] Creating layer pool2
I0825 20:41:11.534524  4597 net.cpp:84] Creating Layer pool2
I0825 20:41:11.534538  4597 net.cpp:406] pool2 <- conv2
I0825 20:41:11.534551  4597 net.cpp:380] pool2 -> pool2
I0825 20:41:11.534565  4597 net.cpp:122] Setting up pool2
I0825 20:41:11.534579  4597 net.cpp:129] Top shape: 100 50 4 4 (80000)
I0825 20:41:11.534587  4597 net.cpp:137] Memory required for data: 7674800
I0825 20:41:11.534597  4597 layer_factory.hpp:77] Creating layer ip1
I0825 20:41:11.534611  4597 net.cpp:84] Creating Layer ip1
I0825 20:41:11.534622  4597 net.cpp:406] ip1 <- pool2
I0825 20:41:11.534634  4597 net.cpp:380] ip1 -> ip1
I0825 20:41:11.537674  4597 net.cpp:122] Setting up ip1
I0825 20:41:11.548931  4597 net.cpp:129] Top shape: 100 500 (50000)
I0825 20:41:11.549095  4597 net.cpp:137] Memory required for data: 7874800
I0825 20:41:11.549194  4597 layer_factory.hpp:77] Creating layer relu1
I0825 20:41:11.549285  4597 net.cpp:84] Creating Layer relu1
I0825 20:41:11.549367  4597 net.cpp:406] relu1 <- ip1
I0825 20:41:11.549450  4597 net.cpp:367] relu1 -> ip1 (in-place)
I0825 20:41:11.549554  4597 net.cpp:122] Setting up relu1
I0825 20:41:11.549639  4597 net.cpp:129] Top shape: 100 500 (50000)
I0825 20:41:11.549722  4597 net.cpp:137] Memory required for data: 8074800
I0825 20:41:11.549808  4597 layer_factory.hpp:77] Creating layer ip2
I0825 20:41:11.549901  4597 net.cpp:84] Creating Layer ip2
I0825 20:41:11.549983  4597 net.cpp:406] ip2 <- ip1
I0825 20:41:11.550083  4597 net.cpp:380] ip2 -> ip2
I0825 20:41:11.550215  4597 net.cpp:122] Setting up ip2
I0825 20:41:11.550297  4597 net.cpp:129] Top shape: 100 10 (1000)
I0825 20:41:11.550379  4597 net.cpp:137] Memory required for data: 8078800
I0825 20:41:11.550467  4597 layer_factory.hpp:77] Creating layer ip2_ip2_0_split
I0825 20:41:11.550599  4597 net.cpp:84] Creating Layer ip2_ip2_0_split
I0825 20:41:11.550752  4597 net.cpp:406] ip2_ip2_0_split <- ip2
I0825 20:41:11.550837  4597 net.cpp:380] ip2_ip2_0_split -> ip2_ip2_0_split_0
I0825 20:41:11.550930  4597 net.cpp:380] ip2_ip2_0_split -> ip2_ip2_0_split_1
I0825 20:41:11.551021  4597 net.cpp:122] Setting up ip2_ip2_0_split
I0825 20:41:11.551136  4597 net.cpp:129] Top shape: 100 10 (1000)
I0825 20:41:11.551223  4597 net.cpp:129] Top shape: 100 10 (1000)
I0825 20:41:11.551304  4597 net.cpp:137] Memory required for data: 8086800
I0825 20:41:11.551389  4597 layer_factory.hpp:77] Creating layer accuracy
I0825 20:41:11.551484  4597 net.cpp:84] Creating Layer accuracy
I0825 20:41:11.551586  4597 net.cpp:406] accuracy <- ip2_ip2_0_split_0
I0825 20:41:11.551700  4597 net.cpp:406] accuracy <- label_mnist_1_split_0
I0825 20:41:11.551790  4597 net.cpp:380] accuracy -> accuracy
I0825 20:41:11.551878  4597 net.cpp:122] Setting up accuracy
I0825 20:41:11.551961  4597 net.cpp:129] Top shape: (1)
I0825 20:41:11.552057  4597 net.cpp:137] Memory required for data: 8086804
I0825 20:41:11.552146  4597 layer_factory.hpp:77] Creating layer loss
I0825 20:41:11.552232  4597 net.cpp:84] Creating Layer loss
I0825 20:41:11.552314  4597 net.cpp:406] loss <- ip2_ip2_0_split_1
I0825 20:41:11.552397  4597 net.cpp:406] loss <- label_mnist_1_split_1
I0825 20:41:11.552486  4597 net.cpp:380] loss -> loss
I0825 20:41:11.552603  4597 layer_factory.hpp:77] Creating layer loss
I0825 20:41:11.552711  4597 net.cpp:122] Setting up loss
I0825 20:41:11.552798  4597 net.cpp:129] Top shape: (1)
I0825 20:41:11.552878  4597 net.cpp:132]     with loss weight 1
I0825 20:41:11.552968  4597 net.cpp:137] Memory required for data: 8086808
I0825 20:41:11.553076  4597 net.cpp:198] loss needs backward computation.
I0825 20:41:11.553169  4597 net.cpp:200] accuracy does not need backward computation.
I0825 20:41:11.553261  4597 net.cpp:198] ip2_ip2_0_split needs backward computation.
I0825 20:41:11.553354  4597 net.cpp:198] ip2 needs backward computation.
I0825 20:41:11.553441  4597 net.cpp:198] relu1 needs backward computation.
I0825 20:41:11.553527  4597 net.cpp:198] ip1 needs backward computation.
I0825 20:41:11.553648  4597 net.cpp:198] pool2 needs backward computation.
I0825 20:41:11.553737  4597 net.cpp:198] conv2 needs backward computation.
I0825 20:41:11.553825  4597 net.cpp:198] pool1 needs backward computation.
I0825 20:41:11.553912  4597 net.cpp:198] conv1 needs backward computation.
I0825 20:41:11.554002  4597 net.cpp:200] label_mnist_1_split does not need backward computation.
I0825 20:41:11.554138  4597 net.cpp:200] mnist does not need backward computation.
I0825 20:41:11.554230  4597 net.cpp:242] This network produces output accuracy
I0825 20:41:11.554319  4597 net.cpp:242] This network produces output loss
I0825 20:41:11.554415  4597 net.cpp:255] Network initialization done.
I0825 20:41:11.554567  4597 solver.cpp:56] Solver scaffolding done.
I0825 20:41:11.554723  4597 caffe.cpp:248] Starting Optimization
I0825 20:41:11.554855  4597 solver.cpp:272] Solving LeNet
I0825 20:41:11.554958  4597 solver.cpp:273] Learning Rate Policy: inv
I0825 20:41:11.555502  4597 solver.cpp:330] Iteration 0, Testing net (#0)
I0825 20:41:23.552327  4600 data_layer.cpp:73] Restarting data prefetching from start.
I0825 20:41:24.065001  4597 solver.cpp:397]     Test net output #0: accuracy = 0.0701
I0825 20:41:24.065177  4597 solver.cpp:397]     Test net output #1: loss = 2.3158 (* 1 = 2.3158 loss)
I0825 20:41:24.294555  4597 solver.cpp:218] Iteration 0 (0 iter/s, 12.739s/100 iters), loss = 2.32583
I0825 20:41:24.294708  4597 solver.cpp:237]     Train net output #0: loss = 2.32583 (* 1 = 2.32583 loss)
I0825 20:41:24.294762  4597 sgd_solver.cpp:105] Iteration 0, lr = 0.01
I0825 20:41:47.591262  4597 solver.cpp:218] Iteration 100 (4.29258 iter/s, 23.296s/100 iters), loss = 0.195297
I0825 20:41:47.591552  4597 solver.cpp:237]     Train net output #0: loss = 0.195297 (* 1 = 0.195297 loss)
I0825 20:41:47.591604  4597 sgd_solver.cpp:105] Iteration 100, lr = 0.00992565
I0825 20:42:09.681612  4597 solver.cpp:218] Iteration 200 (4.52694 iter/s, 22.09s/100 iters), loss = 0.159744
I0825 20:42:09.681874  4597 solver.cpp:237]     Train net output #0: loss = 0.159744 (* 1 = 0.159744 loss)
I0825 20:42:09.681926  4597 sgd_solver.cpp:105] Iteration 200, lr = 0.00985258
I0825 20:42:32.592485  4597 solver.cpp:218] Iteration 300 (4.36491 iter/s, 22.91s/100 iters), loss = 0.151403
I0825 20:42:32.592720  4597 solver.cpp:237]     Train net output #0: loss = 0.151402 (* 1 = 0.151402 loss)
I0825 20:42:32.592769  4597 sgd_solver.cpp:105] Iteration 300, lr = 0.00978075
I0825 20:42:54.594267  4597 solver.cpp:218] Iteration 400 (4.54525 iter/s, 22.001s/100 iters), loss = 0.0580704
I0825 20:42:54.594487  4597 solver.cpp:237]     Train net output #0: loss = 0.0580703 (* 1 = 0.0580703 loss)
I0825 20:42:54.594538  4597 sgd_solver.cpp:105] Iteration 400, lr = 0.00971013
I0825 20:43:14.630403  4597 solver.cpp:330] Iteration 500, Testing net (#0)
I0825 20:43:25.506814  4600 data_layer.cpp:73] Restarting data prefetching from start.
I0825 20:43:25.970481  4597 solver.cpp:397]     Test net output #0: accuracy = 0.9738
I0825 20:43:25.970666  4597 solver.cpp:397]     Test net output #1: loss = 0.0808884 (* 1 = 0.0808884 loss)
I0825 20:43:26.187608  4597 solver.cpp:218] Iteration 500 (3.16526 iter/s, 31.593s/100 iters), loss = 0.107502
I0825 20:43:26.187789  4597 solver.cpp:237]     Train net output #0: loss = 0.107502 (* 1 = 0.107502 loss)
I0825 20:43:26.187855  4597 sgd_solver.cpp:105] Iteration 500, lr = 0.00964069
I0825 20:43:46.460409  4597 solver.cpp:218] Iteration 600 (4.93291 iter/s, 20.272s/100 iters), loss = 0.109544
I0825 20:43:46.460834  4597 solver.cpp:237]     Train net output #0: loss = 0.109544 (* 1 = 0.109544 loss)
I0825 20:43:46.460888  4597 sgd_solver.cpp:105] Iteration 600, lr = 0.0095724
I0825 20:44:07.665061  4597 solver.cpp:218] Iteration 700 (4.71609 iter/s, 21.204s/100 iters), loss = 0.124189
I0825 20:44:07.665349  4597 solver.cpp:237]     Train net output #0: loss = 0.124189 (* 1 = 0.124189 loss)
I0825 20:44:07.665408  4597 sgd_solver.cpp:105] Iteration 700, lr = 0.00950522
I0825 20:44:27.719498  4597 solver.cpp:218] Iteration 800 (4.98654 iter/s, 20.054s/100 iters), loss = 0.176036
I0825 20:44:27.719754  4597 solver.cpp:237]     Train net output #0: loss = 0.176036 (* 1 = 0.176036 loss)
I0825 20:44:27.719810  4597 sgd_solver.cpp:105] Iteration 800, lr = 0.00943913
I0825 20:44:49.038552  4597 solver.cpp:218] Iteration 900 (4.69087 iter/s, 21.318s/100 iters), loss = 0.150665
I0825 20:44:49.046885  4597 solver.cpp:237]     Train net output #0: loss = 0.150665 (* 1 = 0.150665 loss)
I0825 20:44:49.047003  4597 sgd_solver.cpp:105] Iteration 900, lr = 0.00937411
I0825 20:44:57.251827  4599 data_layer.cpp:73] Restarting data prefetching from start.
I0825 20:45:10.926702  4597 solver.cpp:330] Iteration 1000, Testing net (#0)
I0825 20:45:21.592116  4600 data_layer.cpp:73] Restarting data prefetching from start.
I0825 20:45:22.072011  4597 solver.cpp:397]     Test net output #0: accuracy = 0.9804
I0825 20:45:22.072257  4597 solver.cpp:397]     Test net output #1: loss = 0.05916 (* 1 = 0.05916 loss)
I0825 20:45:22.305891  4597 solver.cpp:218] Iteration 1000 (3.00671 iter/s, 33.259s/100 iters), loss = 0.0939279
I0825 20:45:22.306188  4597 solver.cpp:237]     Train net output #0: loss = 0.0939278 (* 1 = 0.0939278 loss)
I0825 20:45:22.306303  4597 sgd_solver.cpp:105] Iteration 1000, lr = 0.00931012
I0825 20:45:42.108472  4597 solver.cpp:218] Iteration 1100 (5.04999 iter/s, 19.802s/100 iters), loss = 0.00716865
I0825 20:45:42.108820  4597 solver.cpp:237]     Train net output #0: loss = 0.00716855 (* 1 = 0.00716855 loss)
I0825 20:45:42.108945  4597 sgd_solver.cpp:105] Iteration 1100, lr = 0.00924715
I0825 20:46:01.980424  4597 solver.cpp:218] Iteration 1200 (5.03246 iter/s, 19.871s/100 iters), loss = 0.0115989
I0825 20:46:01.980792  4597 solver.cpp:237]     Train net output #0: loss = 0.0115988 (* 1 = 0.0115988 loss)
I0825 20:46:01.980909  4597 sgd_solver.cpp:105] Iteration 1200, lr = 0.00918515
I0825 20:46:21.752743  4597 solver.cpp:218] Iteration 1300 (5.05791 iter/s, 19.771s/100 iters), loss = 0.0292298
I0825 20:46:21.753149  4597 solver.cpp:237]     Train net output #0: loss = 0.0292297 (* 1 = 0.0292297 loss)
I0825 20:46:21.753267  4597 sgd_solver.cpp:105] Iteration 1300, lr = 0.00912412
I0825 20:46:41.532670  4597 solver.cpp:218] Iteration 1400 (5.05587 iter/s, 19.779s/100 iters), loss = 0.00744735
I0825 20:46:41.533027  4597 solver.cpp:237]     Train net output #0: loss = 0.00744725 (* 1 = 0.00744725 loss)
I0825 20:46:41.533179  4597 sgd_solver.cpp:105] Iteration 1400, lr = 0.00906403
I0825 20:47:01.153789  4597 solver.cpp:330] Iteration 1500, Testing net (#0)
I0825 20:47:11.785867  4600 data_layer.cpp:73] Restarting data prefetching from start.
I0825 20:47:12.264955  4597 solver.cpp:397]     Test net output #0: accuracy = 0.9837
I0825 20:47:12.265241  4597 solver.cpp:397]     Test net output #1: loss = 0.0495747 (* 1 = 0.0495747 loss)
I0825 20:47:12.499747  4597 solver.cpp:218] Iteration 1500 (3.22935 iter/s, 30.966s/100 iters), loss = 0.0919444
I0825 20:47:12.500020  4597 solver.cpp:237]     Train net output #0: loss = 0.0919443 (* 1 = 0.0919443 loss)
I0825 20:47:12.500170  4597 sgd_solver.cpp:105] Iteration 1500, lr = 0.00900485
I0825 20:47:32.291494  4597 solver.cpp:218] Iteration 1600 (5.0528 iter/s, 19.791s/100 iters), loss = 0.110113
I0825 20:47:32.292009  4597 solver.cpp:237]     Train net output #0: loss = 0.110113 (* 1 = 0.110113 loss)
I0825 20:47:32.292174  4597 sgd_solver.cpp:105] Iteration 1600, lr = 0.00894657
I0825 20:47:52.067262  4597 solver.cpp:218] Iteration 1700 (5.05689 iter/s, 19.775s/100 iters), loss = 0.024266
I0825 20:47:52.067687  4597 solver.cpp:237]     Train net output #0: loss = 0.024266 (* 1 = 0.024266 loss)
I0825 20:47:52.067802  4597 sgd_solver.cpp:105] Iteration 1700, lr = 0.00888916
I0825 20:48:11.874611  4597 solver.cpp:218] Iteration 1800 (5.04897 iter/s, 19.806s/100 iters), loss = 0.0305386
I0825 20:48:11.875022  4597 solver.cpp:237]     Train net output #0: loss = 0.0305386 (* 1 = 0.0305386 loss)
I0825 20:48:11.875138  4597 sgd_solver.cpp:105] Iteration 1800, lr = 0.0088326
I0825 20:48:25.765846  4599 data_layer.cpp:73] Restarting data prefetching from start.
I0825 20:48:31.722880  4597 solver.cpp:218] Iteration 1900 (5.03854 iter/s, 19.847s/100 iters), loss = 0.126348
I0825 20:48:31.723235  4597 solver.cpp:237]     Train net output #0: loss = 0.126348 (* 1 = 0.126348 loss)
I0825 20:48:31.723376  4597 sgd_solver.cpp:105] Iteration 1900, lr = 0.00877687
I0825 20:48:51.306831  4597 solver.cpp:330] Iteration 2000, Testing net (#0)
I0825 20:49:02.008204  4600 data_layer.cpp:73] Restarting data prefetching from start.
I0825 20:49:02.488360  4597 solver.cpp:397]     Test net output #0: accuracy = 0.9861
I0825 20:49:02.488715  4597 solver.cpp:397]     Test net output #1: loss = 0.0437117 (* 1 = 0.0437117 loss)
I0825 20:49:02.723361  4597 solver.cpp:218] Iteration 2000 (3.22581 iter/s, 31s/100 iters), loss = 0.0135229
I0825 20:49:02.723620  4597 solver.cpp:237]     Train net output #0: loss = 0.0135229 (* 1 = 0.0135229 loss)
I0825 20:49:02.723734  4597 sgd_solver.cpp:105] Iteration 2000, lr = 0.00872196
I0825 20:49:22.521797  4597 solver.cpp:218] Iteration 2100 (5.05102 iter/s, 19.798s/100 iters), loss = 0.0146378
I0825 20:49:22.522200  4597 solver.cpp:237]     Train net output #0: loss = 0.0146378 (* 1 = 0.0146378 loss)
I0825 20:49:22.522315  4597 sgd_solver.cpp:105] Iteration 2100, lr = 0.00866784
I0825 20:49:42.294773  4597 solver.cpp:218] Iteration 2200 (5.05766 iter/s, 19.772s/100 iters), loss = 0.0190199
I0825 20:49:42.295135  4597 solver.cpp:237]     Train net output #0: loss = 0.0190198 (* 1 = 0.0190198 loss)
I0825 20:49:42.295250  4597 sgd_solver.cpp:105] Iteration 2200, lr = 0.0086145
I0825 20:50:07.642866  4597 solver.cpp:218] Iteration 2300 (3.94524 iter/s, 25.347s/100 iters), loss = 0.0954473
I0825 20:50:07.643237  4597 solver.cpp:237]     Train net output #0: loss = 0.0954473 (* 1 = 0.0954473 loss)
I0825 20:50:07.643350  4597 sgd_solver.cpp:105] Iteration 2300, lr = 0.00856192
I0825 20:51:01.147022  4597 solver.cpp:218] Iteration 2400 (1.86905 iter/s, 53.503s/100 iters), loss = 0.0128029
I0825 20:51:01.147399  4597 solver.cpp:237]     Train net output #0: loss = 0.0128029 (* 1 = 0.0128029 loss)
I0825 20:51:01.147513  4597 sgd_solver.cpp:105] Iteration 2400, lr = 0.00851008
I0825 20:51:45.163280  4597 solver.cpp:330] Iteration 2500, Testing net (#0)
I0825 20:51:58.870313  4600 data_layer.cpp:73] Restarting data prefetching from start.
I0825 20:51:59.517184  4597 solver.cpp:397]     Test net output #0: accuracy = 0.9846
I0825 20:51:59.517470  4597 solver.cpp:397]     Test net output #1: loss = 0.045812 (* 1 = 0.045812 loss)
I0825 20:51:59.852861  4597 solver.cpp:218] Iteration 2500 (1.70343 iter/s, 58.705s/100 iters), loss = 0.0202439
I0825 20:51:59.853171  4597 solver.cpp:237]     Train net output #0: loss = 0.0202439 (* 1 = 0.0202439 loss)
I0825 20:51:59.853282  4597 sgd_solver.cpp:105] Iteration 2500, lr = 0.00845897
I0825 20:52:25.499682  4597 solver.cpp:218] Iteration 2600 (3.89924 iter/s, 25.646s/100 iters), loss = 0.04742
I0825 20:52:25.500053  4597 solver.cpp:237]     Train net output #0: loss = 0.04742 (* 1 = 0.04742 loss)
I0825 20:52:25.500165  4597 sgd_solver.cpp:105] Iteration 2600, lr = 0.00840857
I0825 20:52:51.033304  4597 solver.cpp:218] Iteration 2700 (3.9165 iter/s, 25.533s/100 iters), loss = 0.0952698
I0825 20:52:51.035351  4597 solver.cpp:237]     Train net output #0: loss = 0.0952698 (* 1 = 0.0952698 loss)
I0825 20:52:51.036614  4597 sgd_solver.cpp:105] Iteration 2700, lr = 0.00835886
I0825 20:53:16.688926  4597 solver.cpp:218] Iteration 2800 (3.89818 iter/s, 25.653s/100 iters), loss = 0.00315187
I0825 20:53:16.689460  4597 solver.cpp:237]     Train net output #0: loss = 0.00315181 (* 1 = 0.00315181 loss)
I0825 20:53:16.689587  4597 sgd_solver.cpp:105] Iteration 2800, lr = 0.00830984
I0825 20:53:18.802036  4599 data_layer.cpp:73] Restarting data prefetching from start.
I0825 20:53:42.347430  4597 solver.cpp:218] Iteration 2900 (3.89757 iter/s, 25.657s/100 iters), loss = 0.0281551
I0825 20:53:42.347769  4597 solver.cpp:237]     Train net output #0: loss = 0.028155 (* 1 = 0.028155 loss)
I0825 20:53:42.347901  4597 sgd_solver.cpp:105] Iteration 2900, lr = 0.00826148
I0825 20:54:07.836009  4597 solver.cpp:330] Iteration 3000, Testing net (#0)
I0825 20:54:21.613899  4600 data_layer.cpp:73] Restarting data prefetching from start.
I0825 20:54:22.272306  4597 solver.cpp:397]     Test net output #0: accuracy = 0.9874
I0825 20:54:22.272637  4597 solver.cpp:397]     Test net output #1: loss = 0.0370312 (* 1 = 0.0370312 loss)
I0825 20:54:22.606514  4597 solver.cpp:218] Iteration 3000 (2.48398 iter/s, 40.258s/100 iters), loss = 0.0210028
I0825 20:54:22.607656  4597 solver.cpp:237]     Train net output #0: loss = 0.0210027 (* 1 = 0.0210027 loss)
I0825 20:54:22.608593  4597 sgd_solver.cpp:105] Iteration 3000, lr = 0.00821377
I0825 20:54:48.304402  4597 solver.cpp:218] Iteration 3100 (3.89166 iter/s, 25.696s/100 iters), loss = 0.0145853
I0825 20:54:48.307379  4597 solver.cpp:237]     Train net output #0: loss = 0.0145853 (* 1 = 0.0145853 loss)
I0825 20:54:48.308037  4597 sgd_solver.cpp:105] Iteration 3100, lr = 0.0081667
I0825 20:55:09.406447  4597 solver.cpp:218] Iteration 3200 (4.73956 iter/s, 21.099s/100 iters), loss = 0.00530392
I0825 20:55:09.406800  4597 solver.cpp:237]     Train net output #0: loss = 0.00530383 (* 1 = 0.00530383 loss)
I0825 20:55:09.406919  4597 sgd_solver.cpp:105] Iteration 3200, lr = 0.00812025
I0825 20:55:29.079114  4597 solver.cpp:218] Iteration 3300 (5.08337 iter/s, 19.672s/100 iters), loss = 0.0376429
I0825 20:55:29.079447  4597 solver.cpp:237]     Train net output #0: loss = 0.0376428 (* 1 = 0.0376428 loss)
I0825 20:55:29.079560  4597 sgd_solver.cpp:105] Iteration 3300, lr = 0.00807442
I0825 20:55:48.764596  4597 solver.cpp:218] Iteration 3400 (5.08001 iter/s, 19.685s/100 iters), loss = 0.00922101
I0825 20:55:48.764950  4597 solver.cpp:237]     Train net output #0: loss = 0.00922091 (* 1 = 0.00922091 loss)
I0825 20:55:48.765065  4597 sgd_solver.cpp:105] Iteration 3400, lr = 0.00802918
I0825 20:56:08.337180  4597 solver.cpp:330] Iteration 3500, Testing net (#0)
I0825 20:56:18.932641  4600 data_layer.cpp:73] Restarting data prefetching from start.
I0825 20:56:19.428325  4597 solver.cpp:397]     Test net output #0: accuracy = 0.9861
I0825 20:56:19.428606  4597 solver.cpp:397]     Test net output #1: loss = 0.0399563 (* 1 = 0.0399563 loss)
I0825 20:56:19.681082  4597 solver.cpp:218] Iteration 3500 (3.23457 iter/s, 30.916s/100 iters), loss = 0.00485632
I0825 20:56:19.681335  4597 solver.cpp:237]     Train net output #0: loss = 0.00485621 (* 1 = 0.00485621 loss)
I0825 20:56:19.681448  4597 sgd_solver.cpp:105] Iteration 3500, lr = 0.00798454
I0825 20:56:39.377180  4597 solver.cpp:218] Iteration 3600 (5.07743 iter/s, 19.695s/100 iters), loss = 0.0207479
I0825 20:56:39.377518  4597 solver.cpp:237]     Train net output #0: loss = 0.0207478 (* 1 = 0.0207478 loss)
I0825 20:56:39.377631  4597 sgd_solver.cpp:105] Iteration 3600, lr = 0.00794046
I0825 20:56:59.010159  4597 solver.cpp:218] Iteration 3700 (5.09372 iter/s, 19.632s/100 iters), loss = 0.0284984
I0825 20:56:59.010458  4597 solver.cpp:237]     Train net output #0: loss = 0.0284983 (* 1 = 0.0284983 loss)
I0825 20:56:59.010622  4597 sgd_solver.cpp:105] Iteration 3700, lr = 0.00789695
I0825 20:57:11.358989  4599 data_layer.cpp:73] Restarting data prefetching from start.
I0825 20:57:32.989344  4597 solver.cpp:218] Iteration 3800 (2.94308 iter/s, 33.978s/100 iters), loss = 0.0072779
I0825 20:57:32.989682  4597 solver.cpp:237]     Train net output #0: loss = 0.00727776 (* 1 = 0.00727776 loss)
I0825 20:57:32.989797  4597 sgd_solver.cpp:105] Iteration 3800, lr = 0.007854
I0825 20:57:55.931963  4597 solver.cpp:218] Iteration 3900 (4.35882 iter/s, 22.942s/100 iters), loss = 0.0266472
I0825 20:57:55.932219  4597 solver.cpp:237]     Train net output #0: loss = 0.0266471 (* 1 = 0.0266471 loss)
I0825 20:57:55.932270  4597 sgd_solver.cpp:105] Iteration 3900, lr = 0.00781158
I0825 20:58:17.980919  4597 solver.cpp:330] Iteration 4000, Testing net (#0)
I0825 20:58:29.713780  4600 data_layer.cpp:73] Restarting data prefetching from start.
I0825 20:58:30.236409  4597 solver.cpp:397]     Test net output #0: accuracy = 0.9896
I0825 20:58:30.236567  4597 solver.cpp:397]     Test net output #1: loss = 0.0311327 (* 1 = 0.0311327 loss)
I0825 20:58:30.469446  4597 solver.cpp:218] Iteration 4000 (2.89545 iter/s, 34.537s/100 iters), loss = 0.00903132
I0825 20:58:30.469578  4597 solver.cpp:237]     Train net output #0: loss = 0.00903117 (* 1 = 0.00903117 loss)
I0825 20:58:30.469627  4597 sgd_solver.cpp:105] Iteration 4000, lr = 0.0077697
I0825 20:58:51.358692  4597 solver.cpp:218] Iteration 4100 (4.78721 iter/s, 20.889s/100 iters), loss = 0.0178591
I0825 20:58:51.359081  4597 solver.cpp:237]     Train net output #0: loss = 0.0178589 (* 1 = 0.0178589 loss)
I0825 20:58:51.359195  4597 sgd_solver.cpp:105] Iteration 4100, lr = 0.00772833
I0825 20:59:11.637457  4597 solver.cpp:218] Iteration 4200 (4.93145 iter/s, 20.278s/100 iters), loss = 0.00867753
I0825 20:59:11.637830  4597 solver.cpp:237]     Train net output #0: loss = 0.00867738 (* 1 = 0.00867738 loss)
I0825 20:59:11.637970  4597 sgd_solver.cpp:105] Iteration 4200, lr = 0.00768748
I0825 20:59:31.889075  4597 solver.cpp:218] Iteration 4300 (4.93803 iter/s, 20.251s/100 iters), loss = 0.0408843
I0825 20:59:31.889560  4597 solver.cpp:237]     Train net output #0: loss = 0.0408842 (* 1 = 0.0408842 loss)
I0825 20:59:31.889677  4597 sgd_solver.cpp:105] Iteration 4300, lr = 0.00764712
I0825 20:59:52.119493  4597 solver.cpp:218] Iteration 4400 (4.9434 iter/s, 20.229s/100 iters), loss = 0.0159967
I0825 20:59:52.119894  4597 solver.cpp:237]     Train net output #0: loss = 0.0159966 (* 1 = 0.0159966 loss)
I0825 20:59:52.120007  4597 sgd_solver.cpp:105] Iteration 4400, lr = 0.00760726
I0825 21:00:12.288775  4597 solver.cpp:330] Iteration 4500, Testing net (#0)
I0825 21:00:23.388695  4600 data_layer.cpp:73] Restarting data prefetching from start.
I0825 21:00:23.866967  4597 solver.cpp:397]     Test net output #0: accuracy = 0.987
I0825 21:00:23.867233  4597 solver.cpp:397]     Test net output #1: loss = 0.036733 (* 1 = 0.036733 loss)
I0825 21:00:24.124151  4597 solver.cpp:218] Iteration 4500 (3.12461 iter/s, 32.004s/100 iters), loss = 0.00976662
I0825 21:00:24.124433  4597 solver.cpp:237]     Train net output #0: loss = 0.00976647 (* 1 = 0.00976647 loss)
I0825 21:00:24.124547  4597 sgd_solver.cpp:105] Iteration 4500, lr = 0.00756788
I0825 21:00:44.336654  4597 solver.cpp:218] Iteration 4600 (4.94756 iter/s, 20.212s/100 iters), loss = 0.0108599
I0825 21:00:44.337033  4597 solver.cpp:237]     Train net output #0: loss = 0.0108598 (* 1 = 0.0108598 loss)
I0825 21:00:44.337147  4597 sgd_solver.cpp:105] Iteration 4600, lr = 0.00752897
I0825 21:01:02.687885  4599 data_layer.cpp:73] Restarting data prefetching from start.
I0825 21:01:06.226963  4597 solver.cpp:218] Iteration 4700 (4.5685 iter/s, 21.889s/100 iters), loss = 0.00478503
I0825 21:01:06.227324  4597 solver.cpp:237]     Train net output #0: loss = 0.00478486 (* 1 = 0.00478486 loss)
I0825 21:01:06.227463  4597 sgd_solver.cpp:105] Iteration 4700, lr = 0.00749052
I0825 21:01:26.326391  4597 solver.cpp:218] Iteration 4800 (4.97537 iter/s, 20.099s/100 iters), loss = 0.0131023
I0825 21:01:26.326774  4597 solver.cpp:237]     Train net output #0: loss = 0.0131022 (* 1 = 0.0131022 loss)
I0825 21:01:26.326889  4597 sgd_solver.cpp:105] Iteration 4800, lr = 0.00745253
I0825 21:01:48.019040  4597 solver.cpp:218] Iteration 4900 (4.60999 iter/s, 21.692s/100 iters), loss = 0.0114798
I0825 21:01:48.019556  4597 solver.cpp:237]     Train net output #0: loss = 0.0114796 (* 1 = 0.0114796 loss)
I0825 21:01:48.019670  4597 sgd_solver.cpp:105] Iteration 4900, lr = 0.00741498
I0825 21:02:08.165859  4597 solver.cpp:447] Snapshotting to binary proto file examples/mnist/lenet_iter_5000.caffemodel
I0825 21:02:08.172093  4597 sgd_solver.cpp:273] Snapshotting solver state to binary proto file examples/mnist/lenet_iter_5000.solverstate
I0825 21:02:08.175629  4597 solver.cpp:330] Iteration 5000, Testing net (#0)
I0825 21:02:19.297544  4600 data_layer.cpp:73] Restarting data prefetching from start.
I0825 21:02:19.779769  4597 solver.cpp:397]     Test net output #0: accuracy = 0.9904
I0825 21:02:19.780004  4597 solver.cpp:397]     Test net output #1: loss = 0.0295185 (* 1 = 0.0295185 loss)
I0825 21:02:20.039039  4597 solver.cpp:218] Iteration 5000 (3.12315 iter/s, 32.019s/100 iters), loss = 0.0258022
I0825 21:02:20.039356  4597 solver.cpp:237]     Train net output #0: loss = 0.0258021 (* 1 = 0.0258021 loss)
I0825 21:02:20.039466  4597 sgd_solver.cpp:105] Iteration 5000, lr = 0.00737788
I0825 21:02:40.250134  4597 solver.cpp:218] Iteration 5100 (4.94805 iter/s, 20.21s/100 iters), loss = 0.0215455
I0825 21:02:40.250540  4597 solver.cpp:237]     Train net output #0: loss = 0.0215453 (* 1 = 0.0215453 loss)
I0825 21:02:40.250654  4597 sgd_solver.cpp:105] Iteration 5100, lr = 0.0073412
I0825 21:03:00.572304  4597 solver.cpp:218] Iteration 5200 (4.92102 iter/s, 20.321s/100 iters), loss = 0.00686381
I0825 21:03:00.572695  4597 solver.cpp:237]     Train net output #0: loss = 0.00686364 (* 1 = 0.00686364 loss)
I0825 21:03:00.572809  4597 sgd_solver.cpp:105] Iteration 5200, lr = 0.00730495
I0825 21:03:20.793344  4597 solver.cpp:218] Iteration 5300 (4.9456 iter/s, 20.22s/100 iters), loss = 0.00147418
I0825 21:03:20.793720  4597 solver.cpp:237]     Train net output #0: loss = 0.00147401 (* 1 = 0.00147401 loss)
I0825 21:03:20.793833  4597 sgd_solver.cpp:105] Iteration 5300, lr = 0.00726911
I0825 21:03:40.984191  4597 solver.cpp:218] Iteration 5400 (4.95295 iter/s, 20.19s/100 iters), loss = 0.0129251
I0825 21:03:40.984556  4597 solver.cpp:237]     Train net output #0: loss = 0.0129249 (* 1 = 0.0129249 loss)
I0825 21:03:40.984670  4597 sgd_solver.cpp:105] Iteration 5400, lr = 0.00723368
I0825 21:04:00.919165  4597 solver.cpp:330] Iteration 5500, Testing net (#0)
I0825 21:04:11.957919  4600 data_layer.cpp:73] Restarting data prefetching from start.
I0825 21:04:12.436494  4597 solver.cpp:397]     Test net output #0: accuracy = 0.9896
I0825 21:04:12.436744  4597 solver.cpp:397]     Test net output #1: loss = 0.0328065 (* 1 = 0.0328065 loss)
I0825 21:04:12.692939  4597 solver.cpp:218] Iteration 5500 (3.15378 iter/s, 31.708s/100 iters), loss = 0.00561643
I0825 21:04:12.693181  4597 solver.cpp:237]     Train net output #0: loss = 0.00561626 (* 1 = 0.00561626 loss)
I0825 21:04:12.693313  4597 sgd_solver.cpp:105] Iteration 5500, lr = 0.00719865
I0825 21:04:32.775499  4597 solver.cpp:218] Iteration 5600 (4.97958 iter/s, 20.082s/100 iters), loss = 0.000516364
I0825 21:04:32.775841  4597 solver.cpp:237]     Train net output #0: loss = 0.000516189 (* 1 = 0.000516189 loss)
I0825 21:04:32.775956  4597 sgd_solver.cpp:105] Iteration 5600, lr = 0.00716402
I0825 21:04:36.895819  4599 data_layer.cpp:73] Restarting data prefetching from start.
I0825 21:04:52.932168  4597 solver.cpp:218] Iteration 5700 (4.9613 iter/s, 20.156s/100 iters), loss = 0.00377297
I0825 21:04:52.932520  4597 solver.cpp:237]     Train net output #0: loss = 0.0037728 (* 1 = 0.0037728 loss)
I0825 21:04:52.932634  4597 sgd_solver.cpp:105] Iteration 5700, lr = 0.00712977
I0825 21:05:13.103363  4597 solver.cpp:218] Iteration 5800 (4.95786 iter/s, 20.17s/100 iters), loss = 0.0277178
I0825 21:05:13.103682  4597 solver.cpp:237]     Train net output #0: loss = 0.0277176 (* 1 = 0.0277176 loss)
I0825 21:05:13.103816  4597 sgd_solver.cpp:105] Iteration 5800, lr = 0.0070959
I0825 21:05:33.213502  4597 solver.cpp:218] Iteration 5900 (4.9729 iter/s, 20.109s/100 iters), loss = 0.00453191
I0825 21:05:33.213970  4597 solver.cpp:237]     Train net output #0: loss = 0.00453175 (* 1 = 0.00453175 loss)
I0825 21:05:33.214103  4597 sgd_solver.cpp:105] Iteration 5900, lr = 0.0070624
I0825 21:05:53.083811  4597 solver.cpp:330] Iteration 6000, Testing net (#0)
I0825 21:06:12.248582  4600 data_layer.cpp:73] Restarting data prefetching from start.
I0825 21:06:13.161121  4597 solver.cpp:397]     Test net output #0: accuracy = 0.9909
I0825 21:06:13.165562  4597 solver.cpp:397]     Test net output #1: loss = 0.0278763 (* 1 = 0.0278763 loss)
I0825 21:06:13.572562  4597 solver.cpp:218] Iteration 6000 (2.47782 iter/s, 40.358s/100 iters), loss = 0.00370124
I0825 21:06:13.578729  4597 solver.cpp:237]     Train net output #0: loss = 0.00370108 (* 1 = 0.00370108 loss)
I0825 21:06:13.578843  4597 sgd_solver.cpp:105] Iteration 6000, lr = 0.00702927
I0825 21:06:54.522100  4597 solver.cpp:218] Iteration 6100 (2.44242 iter/s, 40.943s/100 iters), loss = 0.00221026
I0825 21:06:54.529853  4597 solver.cpp:237]     Train net output #0: loss = 0.0022101 (* 1 = 0.0022101 loss)
I0825 21:06:54.529969  4597 sgd_solver.cpp:105] Iteration 6100, lr = 0.0069965
I0825 21:07:20.709616  4597 solver.cpp:218] Iteration 6200 (3.81986 iter/s, 26.179s/100 iters), loss = 0.00749143
I0825 21:07:20.709960  4597 solver.cpp:237]     Train net output #0: loss = 0.00749128 (* 1 = 0.00749128 loss)
I0825 21:07:20.710073  4597 sgd_solver.cpp:105] Iteration 6200, lr = 0.00696408
I0825 21:07:40.342231  4597 solver.cpp:218] Iteration 6300 (5.09372 iter/s, 19.632s/100 iters), loss = 0.00745919
I0825 21:07:40.342581  4597 solver.cpp:237]     Train net output #0: loss = 0.00745903 (* 1 = 0.00745903 loss)
I0825 21:07:40.342694  4597 sgd_solver.cpp:105] Iteration 6300, lr = 0.00693201
I0825 21:07:59.963174  4597 solver.cpp:218] Iteration 6400 (5.09684 iter/s, 19.62s/100 iters), loss = 0.00529607
I0825 21:07:59.963496  4597 solver.cpp:237]     Train net output #0: loss = 0.00529591 (* 1 = 0.00529591 loss)
I0825 21:07:59.963629  4597 sgd_solver.cpp:105] Iteration 6400, lr = 0.00690029
I0825 21:08:19.544706  4597 solver.cpp:330] Iteration 6500, Testing net (#0)
I0825 21:08:30.176079  4600 data_layer.cpp:73] Restarting data prefetching from start.
I0825 21:08:30.673492  4597 solver.cpp:397]     Test net output #0: accuracy = 0.9906
I0825 21:08:30.673730  4597 solver.cpp:397]     Test net output #1: loss = 0.0297016 (* 1 = 0.0297016 loss)
I0825 21:08:30.923801  4597 solver.cpp:218] Iteration 6500 (3.22997 iter/s, 30.96s/100 iters), loss = 0.0152427
I0825 21:08:30.924049  4597 solver.cpp:237]     Train net output #0: loss = 0.0152426 (* 1 = 0.0152426 loss)
I0825 21:08:30.924160  4597 sgd_solver.cpp:105] Iteration 6500, lr = 0.0068689
I0825 21:08:42.357071  4599 data_layer.cpp:73] Restarting data prefetching from start.
I0825 21:08:50.624367  4597 solver.cpp:218] Iteration 6600 (5.07614 iter/s, 19.7s/100 iters), loss = 0.0248741
I0825 21:08:50.624702  4597 solver.cpp:237]     Train net output #0: loss = 0.0248739 (* 1 = 0.0248739 loss)
I0825 21:08:50.624840  4597 sgd_solver.cpp:105] Iteration 6600, lr = 0.00683784
I0825 21:09:10.335325  4597 solver.cpp:218] Iteration 6700 (5.07357 iter/s, 19.71s/100 iters), loss = 0.0045724
I0825 21:09:10.335666  4597 solver.cpp:237]     Train net output #0: loss = 0.00457222 (* 1 = 0.00457222 loss)
I0825 21:09:10.335779  4597 sgd_solver.cpp:105] Iteration 6700, lr = 0.00680711
I0825 21:09:30.056207  4597 solver.cpp:218] Iteration 6800 (5.07099 iter/s, 19.72s/100 iters), loss = 0.00244108
I0825 21:09:30.056547  4597 solver.cpp:237]     Train net output #0: loss = 0.0024409 (* 1 = 0.0024409 loss)
I0825 21:09:30.056661  4597 sgd_solver.cpp:105] Iteration 6800, lr = 0.0067767
I0825 21:09:49.702761  4597 solver.cpp:218] Iteration 6900 (5.09009 iter/s, 19.646s/100 iters), loss = 0.00436394
I0825 21:09:49.703083  4597 solver.cpp:237]     Train net output #0: loss = 0.00436376 (* 1 = 0.00436376 loss)
I0825 21:09:49.703194  4597 sgd_solver.cpp:105] Iteration 6900, lr = 0.0067466
I0825 21:10:09.276078  4597 solver.cpp:330] Iteration 7000, Testing net (#0)
I0825 21:10:19.867046  4600 data_layer.cpp:73] Restarting data prefetching from start.
I0825 21:10:20.362577  4597 solver.cpp:397]     Test net output #0: accuracy = 0.9907
I0825 21:10:20.362814  4597 solver.cpp:397]     Test net output #1: loss = 0.0287661 (* 1 = 0.0287661 loss)
I0825 21:10:20.613642  4597 solver.cpp:218] Iteration 7000 (3.2352 iter/s, 30.91s/100 iters), loss = 0.00490186
I0825 21:10:20.613889  4597 solver.cpp:237]     Train net output #0: loss = 0.00490168 (* 1 = 0.00490168 loss)
I0825 21:10:20.614001  4597 sgd_solver.cpp:105] Iteration 7000, lr = 0.00671681
I0825 21:10:40.293982  4597 solver.cpp:218] Iteration 7100 (5.0813 iter/s, 19.68s/100 iters), loss = 0.0155124
I0825 21:10:40.294351  4597 solver.cpp:237]     Train net output #0: loss = 0.0155122 (* 1 = 0.0155122 loss)
I0825 21:10:40.294466  4597 sgd_solver.cpp:105] Iteration 7100, lr = 0.00668733
I0825 21:10:59.966763  4597 solver.cpp:218] Iteration 7200 (5.08337 iter/s, 19.672s/100 iters), loss = 0.00455865
I0825 21:10:59.967116  4597 solver.cpp:237]     Train net output #0: loss = 0.00455847 (* 1 = 0.00455847 loss)
I0825 21:10:59.967231  4597 sgd_solver.cpp:105] Iteration 7200, lr = 0.00665815
I0825 21:11:19.722312  4597 solver.cpp:218] Iteration 7300 (5.06201 iter/s, 19.755s/100 iters), loss = 0.0169625
I0825 21:11:19.722679  4597 solver.cpp:237]     Train net output #0: loss = 0.0169623 (* 1 = 0.0169623 loss)
I0825 21:11:19.722792  4597 sgd_solver.cpp:105] Iteration 7300, lr = 0.00662927
I0825 21:11:39.391293  4597 solver.cpp:218] Iteration 7400 (5.0844 iter/s, 19.668s/100 iters), loss = 0.0057927
I0825 21:11:39.391643  4597 solver.cpp:237]     Train net output #0: loss = 0.00579251 (* 1 = 0.00579251 loss)
I0825 21:11:39.391757  4597 sgd_solver.cpp:105] Iteration 7400, lr = 0.00660067
I0825 21:11:58.084095  4599 data_layer.cpp:73] Restarting data prefetching from start.
I0825 21:11:58.924376  4597 solver.cpp:330] Iteration 7500, Testing net (#0)
I0825 21:12:09.624531  4600 data_layer.cpp:73] Restarting data prefetching from start.
I0825 21:12:10.127677  4597 solver.cpp:397]     Test net output #0: accuracy = 0.9906
I0825 21:12:10.127876  4597 solver.cpp:397]     Test net output #1: loss = 0.0315248 (* 1 = 0.0315248 loss)
I0825 21:12:10.378576  4597 solver.cpp:218] Iteration 7500 (3.22726 iter/s, 30.986s/100 iters), loss = 0.0020682
I0825 21:12:10.378831  4597 solver.cpp:237]     Train net output #0: loss = 0.00206802 (* 1 = 0.00206802 loss)
I0825 21:12:10.378947  4597 sgd_solver.cpp:105] Iteration 7500, lr = 0.00657236
I0825 21:12:30.032740  4597 solver.cpp:218] Iteration 7600 (5.08828 iter/s, 19.653s/100 iters), loss = 0.00444492
I0825 21:12:30.033093  4597 solver.cpp:237]     Train net output #0: loss = 0.00444474 (* 1 = 0.00444474 loss)
I0825 21:12:30.033206  4597 sgd_solver.cpp:105] Iteration 7600, lr = 0.00654433
I0825 21:12:49.684475  4597 solver.cpp:218] Iteration 7700 (5.0888 iter/s, 19.651s/100 iters), loss = 0.0207273
I0825 21:12:49.684793  4597 solver.cpp:237]     Train net output #0: loss = 0.0207271 (* 1 = 0.0207271 loss)
I0825 21:12:49.684926  4597 sgd_solver.cpp:105] Iteration 7700, lr = 0.00651658
I0825 21:13:09.445298  4597 solver.cpp:218] Iteration 7800 (5.06073 iter/s, 19.76s/100 iters), loss = 0.0056139
I0825 21:13:09.445657  4597 solver.cpp:237]     Train net output #0: loss = 0.00561372 (* 1 = 0.00561372 loss)
I0825 21:13:09.445770  4597 sgd_solver.cpp:105] Iteration 7800, lr = 0.00648911
I0825 21:13:29.096863  4597 solver.cpp:218] Iteration 7900 (5.0888 iter/s, 19.651s/100 iters), loss = 0.00377168
I0825 21:13:29.097205  4597 solver.cpp:237]     Train net output #0: loss = 0.00377151 (* 1 = 0.00377151 loss)
I0825 21:13:29.097319  4597 sgd_solver.cpp:105] Iteration 7900, lr = 0.0064619
I0825 21:13:48.548871  4597 solver.cpp:330] Iteration 8000, Testing net (#0)
I0825 21:13:59.132208  4600 data_layer.cpp:73] Restarting data prefetching from start.
I0825 21:13:59.626982  4597 solver.cpp:397]     Test net output #0: accuracy = 0.9904
I0825 21:13:59.627215  4597 solver.cpp:397]     Test net output #1: loss = 0.028227 (* 1 = 0.028227 loss)
I0825 21:13:59.876708  4597 solver.cpp:218] Iteration 8000 (3.24897 iter/s, 30.779s/100 iters), loss = 0.00658921
I0825 21:13:59.876921  4597 solver.cpp:237]     Train net output #0: loss = 0.00658904 (* 1 = 0.00658904 loss)
I0825 21:13:59.877046  4597 sgd_solver.cpp:105] Iteration 8000, lr = 0.00643496
I0825 21:14:19.604249  4597 solver.cpp:218] Iteration 8100 (5.06919 iter/s, 19.727s/100 iters), loss = 0.011567
I0825 21:14:19.604712  4597 solver.cpp:237]     Train net output #0: loss = 0.0115669 (* 1 = 0.0115669 loss)
I0825 21:14:19.604821  4597 sgd_solver.cpp:105] Iteration 8100, lr = 0.00640827
I0825 21:14:39.281795  4597 solver.cpp:218] Iteration 8200 (5.08208 iter/s, 19.677s/100 iters), loss = 0.0067061
I0825 21:14:39.282163  4597 solver.cpp:237]     Train net output #0: loss = 0.00670594 (* 1 = 0.00670594 loss)
I0825 21:14:39.282279  4597 sgd_solver.cpp:105] Iteration 8200, lr = 0.00638185
I0825 21:14:58.966887  4597 solver.cpp:218] Iteration 8300 (5.08027 iter/s, 19.684s/100 iters), loss = 0.0403421
I0825 21:14:58.967221  4597 solver.cpp:237]     Train net output #0: loss = 0.040342 (* 1 = 0.040342 loss)
I0825 21:14:58.967355  4597 sgd_solver.cpp:105] Iteration 8300, lr = 0.00635567
I0825 21:15:18.727612  4597 solver.cpp:218] Iteration 8400 (5.06073 iter/s, 19.76s/100 iters), loss = 0.00861179
I0825 21:15:18.727951  4597 solver.cpp:237]     Train net output #0: loss = 0.00861165 (* 1 = 0.00861165 loss)
I0825 21:15:18.728065  4597 sgd_solver.cpp:105] Iteration 8400, lr = 0.00632975
I0825 21:15:25.245213  4599 data_layer.cpp:73] Restarting data prefetching from start.
I0825 21:15:38.259034  4597 solver.cpp:330] Iteration 8500, Testing net (#0)
I0825 21:15:48.827867  4600 data_layer.cpp:73] Restarting data prefetching from start.
I0825 21:15:49.339321  4597 solver.cpp:397]     Test net output #0: accuracy = 0.991
I0825 21:15:49.339573  4597 solver.cpp:397]     Test net output #1: loss = 0.0281951 (* 1 = 0.0281951 loss)
I0825 21:15:49.596676  4597 solver.cpp:218] Iteration 8500 (3.2396 iter/s, 30.868s/100 iters), loss = 0.00581429
I0825 21:15:49.596913  4597 solver.cpp:237]     Train net output #0: loss = 0.00581414 (* 1 = 0.00581414 loss)
I0825 21:15:49.597024  4597 sgd_solver.cpp:105] Iteration 8500, lr = 0.00630407
I0825 21:16:09.329896  4597 solver.cpp:218] Iteration 8600 (5.06791 iter/s, 19.732s/100 iters), loss = 0.000560647
I0825 21:16:09.330245  4597 solver.cpp:237]     Train net output #0: loss = 0.0005605 (* 1 = 0.0005605 loss)
I0825 21:16:09.330355  4597 sgd_solver.cpp:105] Iteration 8600, lr = 0.00627864
I0825 21:16:30.220659  4597 solver.cpp:218] Iteration 8700 (4.78698 iter/s, 20.89s/100 iters), loss = 0.00212896
I0825 21:16:30.221006  4597 solver.cpp:237]     Train net output #0: loss = 0.00212881 (* 1 = 0.00212881 loss)
I0825 21:16:30.221124  4597 sgd_solver.cpp:105] Iteration 8700, lr = 0.00625344
I0825 21:16:52.991955  4597 solver.cpp:218] Iteration 8800 (4.39174 iter/s, 22.77s/100 iters), loss = 0.0017529
I0825 21:16:52.992358  4597 solver.cpp:237]     Train net output #0: loss = 0.00175275 (* 1 = 0.00175275 loss)
I0825 21:16:52.992473  4597 sgd_solver.cpp:105] Iteration 8800, lr = 0.00622847
I0825 21:17:14.904475  4597 solver.cpp:218] Iteration 8900 (4.56371 iter/s, 21.912s/100 iters), loss = 0.000671158
I0825 21:17:14.904844  4597 solver.cpp:237]     Train net output #0: loss = 0.000671008 (* 1 = 0.000671008 loss)
I0825 21:17:14.904979  4597 sgd_solver.cpp:105] Iteration 8900, lr = 0.00620374
I0825 21:17:36.287791  4597 solver.cpp:330] Iteration 9000, Testing net (#0)
I0825 21:17:46.929601  4600 data_layer.cpp:73] Restarting data prefetching from start.
I0825 21:17:47.406855  4597 solver.cpp:397]     Test net output #0: accuracy = 0.9901
I0825 21:17:47.407140  4597 solver.cpp:397]     Test net output #1: loss = 0.0283676 (* 1 = 0.0283676 loss)
I0825 21:17:47.638017  4597 solver.cpp:218] Iteration 9000 (3.05502 iter/s, 32.733s/100 iters), loss = 0.0117402
I0825 21:17:47.638303  4597 solver.cpp:237]     Train net output #0: loss = 0.01174 (* 1 = 0.01174 loss)
I0825 21:17:47.638427  4597 sgd_solver.cpp:105] Iteration 9000, lr = 0.00617924
I0825 21:18:07.481139  4597 solver.cpp:218] Iteration 9100 (5.03981 iter/s, 19.842s/100 iters), loss = 0.00634063
I0825 21:18:07.481634  4597 solver.cpp:237]     Train net output #0: loss = 0.00634049 (* 1 = 0.00634049 loss)
I0825 21:18:07.481748  4597 sgd_solver.cpp:105] Iteration 9100, lr = 0.00615496
I0825 21:18:27.271140  4597 solver.cpp:218] Iteration 9200 (5.05331 iter/s, 19.789s/100 iters), loss = 0.00360963
I0825 21:18:27.271538  4597 solver.cpp:237]     Train net output #0: loss = 0.00360948 (* 1 = 0.00360948 loss)
I0825 21:18:27.271652  4597 sgd_solver.cpp:105] Iteration 9200, lr = 0.0061309
I0825 21:18:47.038564  4597 solver.cpp:218] Iteration 9300 (5.05894 iter/s, 19.767s/100 iters), loss = 0.00857126
I0825 21:18:47.038992  4597 solver.cpp:237]     Train net output #0: loss = 0.00857112 (* 1 = 0.00857112 loss)
I0825 21:18:47.039108  4597 sgd_solver.cpp:105] Iteration 9300, lr = 0.00610706
I0825 21:19:00.948796  4599 data_layer.cpp:73] Restarting data prefetching from start.
I0825 21:19:06.923907  4597 solver.cpp:218] Iteration 9400 (5.02917 iter/s, 19.884s/100 iters), loss = 0.0290554
I0825 21:19:06.924288  4597 solver.cpp:237]     Train net output #0: loss = 0.0290553 (* 1 = 0.0290553 loss)
I0825 21:19:06.924408  4597 sgd_solver.cpp:105] Iteration 9400, lr = 0.00608343
I0825 21:19:26.522702  4597 solver.cpp:330] Iteration 9500, Testing net (#0)
I0825 21:19:37.175264  4600 data_layer.cpp:73] Restarting data prefetching from start.
I0825 21:19:37.654624  4597 solver.cpp:397]     Test net output #0: accuracy = 0.9888
I0825 21:19:37.654917  4597 solver.cpp:397]     Test net output #1: loss = 0.033846 (* 1 = 0.033846 loss)
I0825 21:19:37.886605  4597 solver.cpp:218] Iteration 9500 (3.22977 iter/s, 30.962s/100 iters), loss = 0.00460663
I0825 21:19:37.886871  4597 solver.cpp:237]     Train net output #0: loss = 0.00460648 (* 1 = 0.00460648 loss)
I0825 21:19:37.887001  4597 sgd_solver.cpp:105] Iteration 9500, lr = 0.00606002
I0825 21:19:57.674294  4597 solver.cpp:218] Iteration 9600 (5.05382 iter/s, 19.787s/100 iters), loss = 0.00314283
I0825 21:19:57.674703  4597 solver.cpp:237]     Train net output #0: loss = 0.00314268 (* 1 = 0.00314268 loss)
I0825 21:19:57.674820  4597 sgd_solver.cpp:105] Iteration 9600, lr = 0.00603682
I0825 21:20:17.583920  4597 solver.cpp:218] Iteration 9700 (5.02285 iter/s, 19.909s/100 iters), loss = 0.00333435
I0825 21:20:17.584296  4597 solver.cpp:237]     Train net output #0: loss = 0.00333421 (* 1 = 0.00333421 loss)
I0825 21:20:17.584410  4597 sgd_solver.cpp:105] Iteration 9700, lr = 0.00601382
I0825 21:20:37.356184  4597 solver.cpp:218] Iteration 9800 (5.05791 iter/s, 19.771s/100 iters), loss = 0.0152543
I0825 21:20:37.356570  4597 solver.cpp:237]     Train net output #0: loss = 0.0152542 (* 1 = 0.0152542 loss)
I0825 21:20:37.356693  4597 sgd_solver.cpp:105] Iteration 9800, lr = 0.00599102
I0825 21:20:57.151320  4597 solver.cpp:218] Iteration 9900 (5.05204 iter/s, 19.794s/100 iters), loss = 0.00535999
I0825 21:20:57.151748  4597 solver.cpp:237]     Train net output #0: loss = 0.00535985 (* 1 = 0.00535985 loss)
I0825 21:20:57.151865  4597 sgd_solver.cpp:105] Iteration 9900, lr = 0.00596843
I0825 21:21:16.753289  4597 solver.cpp:447] Snapshotting to binary proto file examples/mnist/lenet_iter_10000.caffemodel
I0825 21:21:16.759385  4597 sgd_solver.cpp:273] Snapshotting solver state to binary proto file examples/mnist/lenet_iter_10000.solverstate
I0825 21:21:16.872223  4597 solver.cpp:310] Iteration 10000, loss = 0.00272996
I0825 21:21:16.872424  4597 solver.cpp:330] Iteration 10000, Testing net (#0)
I0825 21:21:27.532204  4600 data_layer.cpp:73] Restarting data prefetching from start.
I0825 21:21:28.010843  4597 solver.cpp:397]     Test net output #0: accuracy = 0.9909
I0825 21:21:28.011111  4597 solver.cpp:397]     Test net output #1: loss = 0.0279528 (* 1 = 0.0279528 loss)
I0825 21:21:28.011221  4597 solver.cpp:315] Optimization Done.
I0825 21:21:28.011319  4597 caffe.cpp:259] Optimization Done.
